app/build/intermediates/manifest_merge_blame_file/debug/manifest-merger-blame-debug-report.txt
1<?xml version="1.0" encoding="utf-8"?>
2<manifest xmlns:android="http://schemas.android.com/apk/res/android"
3    package="com.example.attendencecheck"
4    android:versionCode="1"
5    android:versionName="1.0" >
6
7    <uses-sdk
8        android:minSdkVersion="15"
8-->src\main\AndroidManifest.xml
9        android:targetSdkVersion="29" />
9-->src\main\AndroidManifest.xml
10
11    <uses-permission android:name="android.permission.READ_EXTERNAL_STORAGE" />
11-->src\main\AndroidManifest.xml:63:5-80
11-->src\main\AndroidManifest.xml:63:22-77
12    <uses-permission android:name="android.permission.WRITE_EXTERNAL_STORAGE" />
12-->src\main\AndroidManifest.xml:65:5-81
12-->src\main\AndroidManifest.xml:65:22-78
13
14    <application
14-->src\main\AndroidManifest.xml:5:5-61:19
15        android:name="com.example.attendencecheck.ApplicationContext"
15-->src\main\AndroidManifest.xml:6:9-43
16        android:allowBackup="true"
16-->src\main\AndroidManifest.xml:7:9-35
17        android:appComponentFactory="androidx.core.app.CoreComponentFactory"
17-->[androidx.core:core:1.0.1] AndroidManifest.xml:22:18-86
18        android:debuggable="true"
19        android:icon="@mipmap/ic_launcher"
19-->src\main\AndroidManifest.xml:8:9-43
20        android:label="@string/app_name"
20-->src\main\AndroidManifest.xml:9:9-41
21        android:roundIcon="@mipmap/ic_launcher_round"
21-->src\main\AndroidManifest.xml:10:9-54
22        android:supportsRtl="true"
22-->src\main\AndroidManifest.xml:11:9-35
23        android:testOnly="true"
24        android:theme="@style/AppTheme" >
24-->src\main\AndroidManifest.xml:12:9-40
25        <activity android:name="com.example.attendencecheck.ViewAttendanceRecord" />
25-->src\main\AndroidManifest.xml:13:9-67
25-->src\main\AndroidManifest.xml:13:19-55
26        <activity android:name="com.example.attendencecheck.MainActivity" >
26-->src\main\AndroidManifest.xml:14:9-20:20
26-->src\main\AndroidManifest.xml:14:19-47
27            <intent-filter>
27-->src\main\AndroidManifest.xml:15:13-19:29
28                <action android:name="android.intent.action.MAIN" />
28-->src\main\AndroidManifest.xml:16:17-69
28-->src\main\AndroidManifest.xml:16:25-66
29
30                <category android:name="android.intent.category.LAUNCHER" />
30-->src\main\AndroidManifest.xml:18:17-77
30-->src\main\AndroidManifest.xml:18:27-74
31            </intent-filter>
32        </activity>
33        <activity
33-->src\main\AndroidManifest.xml:21:9-23:48
34            android:name="com.example.attendencecheck.LoginActivity"
34-->src\main\AndroidManifest.xml:22:13-42
35            android:label="@string/app_name" />
35-->src\main\AndroidManifest.xml:23:13-45
36        <activity
36-->src\main\AndroidManifest.xml:24:9-26:57
37            android:name="com.example.attendencecheck.MenuActivity"
37-->src\main\AndroidManifest.xml:25:13-41
38            android:label="@string/app_name" />
38-->src\main\AndroidManifest.xml:26:13-45
39        <activity
39-->src\main\AndroidManifest.xml:27:9-29:57
40            android:name="com.example.attendencecheck.ViewFacultyActivity"
40-->src\main\AndroidManifest.xml:28:13-48
41            android:label="@string/app_name" />
41-->src\main\AndroidManifest.xml:29:13-45
42        <activity
42-->src\main\AndroidManifest.xml:30:9-32:57
43            android:name="com.example.attendencecheck.ViewAttandanceActivity"
43-->src\main\AndroidManifest.xml:31:13-51
44            android:label="@string/app_name" />
44-->src\main\AndroidManifest.xml:32:13-45
45        <activity
45-->src\main\AndroidManifest.xml:33:9-35:48
46            android:name="com.example.attendencecheck.ViewStudentActivity"
46-->src\main\AndroidManifest.xml:34:13-48
47            android:label="@string/app_name" />
47-->src\main\AndroidManifest.xml:35:13-45
48        <activity
48-->src\main\AndroidManifest.xml:36:9-38:48
49            android:name="com.example.attendencecheck.TestActivity"
49-->src\main\AndroidManifest.xml:37:13-41
50            android:label="@string/app_name" />
50-->src\main\AndroidManifest.xml:38:13-45
51        <activity
51-->src\main\AndroidManifest.xml:39:9-41:48
52            android:name="com.example.attendencecheck.ViewStudentByBranchYear"
52-->src\main\AndroidManifest.xml:40:13-52
53            android:label="@string/app_name" />
53-->src\main\AndroidManifest.xml:41:13-45
54        <activity
54-->src\main\AndroidManifest.xml:42:9-44:48
55            android:name="com.example.attendencecheck.AddAttandanceSessionActivity"
55-->src\main\AndroidManifest.xml:43:13-57
56            android:label="@string/app_name" />
56-->src\main\AndroidManifest.xml:44:13-45
57        <activity
57-->src\main\AndroidManifest.xml:45:9-47:48
58            android:name="com.example.attendencecheck.AddStudentActivity"
58-->src\main\AndroidManifest.xml:46:13-47
59            android:label="@string/app_name" />
59-->src\main\AndroidManifest.xml:47:13-45
60        <activity
60-->src\main\AndroidManifest.xml:48:9-50:48
61            android:name="com.example.attendencecheck.AddFacultyActivity"
61-->src\main\AndroidManifest.xml:49:13-47
62            android:label="@string/app_name" />
62-->src\main\AndroidManifest.xml:50:13-45
63        <activity
63-->src\main\AndroidManifest.xml:51:9-53:48
64            android:name="com.example.attendencecheck.ViewAttendancePerStudentActivity"
64-->src\main\AndroidManifest.xml:52:13-61
65            android:label="@string/app_name" />
65-->src\main\AndroidManifest.xml:53:13-45
66        <activity
66-->src\main\AndroidManifest.xml:54:9-56:48
67            android:name="com.example.attendencecheck.ViewAttendanceByFacultyActivity"
67-->src\main\AndroidManifest.xml:55:13-60
68            android:label="@string/app_name" />
68-->src\main\AndroidManifest.xml:56:13-45
69        <activity
69-->src\main\AndroidManifest.xml:57:9-59:48
70            android:name="com.example.attendencecheck.AddAttendanceActivity"
70-->src\main\AndroidManifest.xml:58:13-50
71            android:label="@string/app_name" />
71-->src\main\AndroidManifest.xml:59:13-45
72    </application>
73
74</manifest>